C:\USERS\DANIEL\DOCUMENTS\VISUAL STUDIO 2012\PROJECTS\MARIO\MARIO\X64\DEBUG\VC110.PDB
C:\USERS\DANIEL\DOCUMENTS\VISUAL STUDIO 2012\PROJECTS\MARIO\X64\DEBUG\MARIO.ILK
C:\USERS\DANIEL\DOCUMENTS\VISUAL STUDIO 2012\PROJECTS\MARIO\X64\DEBUG\MARIO.EXE
C:\USERS\DANIEL\DOCUMENTS\VISUAL STUDIO 2012\PROJECTS\MARIO\X64\DEBUG\MARIO.PDB
C:\Users\Daniel\documents\visual studio 2012\Projects\Mario\Mario\x64\Debug\cl.command.1.tlog
C:\Users\Daniel\documents\visual studio 2012\Projects\Mario\Mario\x64\Debug\CL.read.1.tlog
C:\Users\Daniel\documents\visual studio 2012\Projects\Mario\Mario\x64\Debug\CL.write.1.tlog
C:\Users\Daniel\documents\visual studio 2012\Projects\Mario\Mario\x64\Debug\link-cvtres.read.1.tlog
C:\Users\Daniel\documents\visual studio 2012\Projects\Mario\Mario\x64\Debug\link-cvtres.write.1.tlog
C:\Users\Daniel\documents\visual studio 2012\Projects\Mario\Mario\x64\Debug\link-rc.read.1.tlog
C:\Users\Daniel\documents\visual studio 2012\Projects\Mario\Mario\x64\Debug\link-rc.write.1.tlog
C:\Users\Daniel\documents\visual studio 2012\Projects\Mario\Mario\x64\Debug\link.13568-cvtres.read.1.tlog
C:\Users\Daniel\documents\visual studio 2012\Projects\Mario\Mario\x64\Debug\link.13568-cvtres.write.1.tlog
C:\Users\Daniel\documents\visual studio 2012\Projects\Mario\Mario\x64\Debug\link.13568-rc.read.1.tlog
C:\Users\Daniel\documents\visual studio 2012\Projects\Mario\Mario\x64\Debug\link.13568-rc.write.1.tlog
C:\Users\Daniel\documents\visual studio 2012\Projects\Mario\Mario\x64\Debug\link.13568.read.1.tlog
C:\Users\Daniel\documents\visual studio 2012\Projects\Mario\Mario\x64\Debug\link.13568.write.1.tlog
C:\Users\Daniel\documents\visual studio 2012\Projects\Mario\Mario\x64\Debug\link.13692-cvtres.read.1.tlog
C:\Users\Daniel\documents\visual studio 2012\Projects\Mario\Mario\x64\Debug\link.13692-cvtres.write.1.tlog
C:\Users\Daniel\documents\visual studio 2012\Projects\Mario\Mario\x64\Debug\link.13692-rc.read.1.tlog
C:\Users\Daniel\documents\visual studio 2012\Projects\Mario\Mario\x64\Debug\link.13692-rc.write.1.tlog
C:\Users\Daniel\documents\visual studio 2012\Projects\Mario\Mario\x64\Debug\link.13692.read.1.tlog
C:\Users\Daniel\documents\visual studio 2012\Projects\Mario\Mario\x64\Debug\link.13692.write.1.tlog
C:\Users\Daniel\documents\visual studio 2012\Projects\Mario\Mario\x64\Debug\link.14252-cvtres.read.1.tlog
C:\Users\Daniel\documents\visual studio 2012\Projects\Mario\Mario\x64\Debug\link.14252-cvtres.write.1.tlog
C:\Users\Daniel\documents\visual studio 2012\Projects\Mario\Mario\x64\Debug\link.14252-rc.read.1.tlog
C:\Users\Daniel\documents\visual studio 2012\Projects\Mario\Mario\x64\Debug\link.14252-rc.write.1.tlog
C:\Users\Daniel\documents\visual studio 2012\Projects\Mario\Mario\x64\Debug\link.14252.read.1.tlog
C:\Users\Daniel\documents\visual studio 2012\Projects\Mario\Mario\x64\Debug\link.14252.write.1.tlog
C:\Users\Daniel\documents\visual studio 2012\Projects\Mario\Mario\x64\Debug\link.2956-cvtres.read.1.tlog
C:\Users\Daniel\documents\visual studio 2012\Projects\Mario\Mario\x64\Debug\link.2956-cvtres.write.1.tlog
C:\Users\Daniel\documents\visual studio 2012\Projects\Mario\Mario\x64\Debug\link.2956-rc.read.1.tlog
C:\Users\Daniel\documents\visual studio 2012\Projects\Mario\Mario\x64\Debug\link.2956-rc.write.1.tlog
C:\Users\Daniel\documents\visual studio 2012\Projects\Mario\Mario\x64\Debug\link.2956.read.1.tlog
C:\Users\Daniel\documents\visual studio 2012\Projects\Mario\Mario\x64\Debug\link.2956.write.1.tlog
C:\Users\Daniel\documents\visual studio 2012\Projects\Mario\Mario\x64\Debug\link.4128-cvtres.read.1.tlog
C:\Users\Daniel\documents\visual studio 2012\Projects\Mario\Mario\x64\Debug\link.4128-cvtres.write.1.tlog
C:\Users\Daniel\documents\visual studio 2012\Projects\Mario\Mario\x64\Debug\link.4128-rc.read.1.tlog
C:\Users\Daniel\documents\visual studio 2012\Projects\Mario\Mario\x64\Debug\link.4128-rc.write.1.tlog
C:\Users\Daniel\documents\visual studio 2012\Projects\Mario\Mario\x64\Debug\link.4128.read.1.tlog
C:\Users\Daniel\documents\visual studio 2012\Projects\Mario\Mario\x64\Debug\link.4128.write.1.tlog
C:\Users\Daniel\documents\visual studio 2012\Projects\Mario\Mario\x64\Debug\link.4396-cvtres.read.1.tlog
C:\Users\Daniel\documents\visual studio 2012\Projects\Mario\Mario\x64\Debug\link.4396-cvtres.write.1.tlog
C:\Users\Daniel\documents\visual studio 2012\Projects\Mario\Mario\x64\Debug\link.4396-rc.read.1.tlog
C:\Users\Daniel\documents\visual studio 2012\Projects\Mario\Mario\x64\Debug\link.4396-rc.write.1.tlog
C:\Users\Daniel\documents\visual studio 2012\Projects\Mario\Mario\x64\Debug\link.4396.read.1.tlog
C:\Users\Daniel\documents\visual studio 2012\Projects\Mario\Mario\x64\Debug\link.4396.write.1.tlog
C:\Users\Daniel\documents\visual studio 2012\Projects\Mario\Mario\x64\Debug\link.4704-cvtres.read.1.tlog
C:\Users\Daniel\documents\visual studio 2012\Projects\Mario\Mario\x64\Debug\link.4704-cvtres.write.1.tlog
C:\Users\Daniel\documents\visual studio 2012\Projects\Mario\Mario\x64\Debug\link.4704-rc.read.1.tlog
C:\Users\Daniel\documents\visual studio 2012\Projects\Mario\Mario\x64\Debug\link.4704-rc.write.1.tlog
C:\Users\Daniel\documents\visual studio 2012\Projects\Mario\Mario\x64\Debug\link.4704.read.1.tlog
C:\Users\Daniel\documents\visual studio 2012\Projects\Mario\Mario\x64\Debug\link.4704.write.1.tlog
C:\Users\Daniel\documents\visual studio 2012\Projects\Mario\Mario\x64\Debug\link.7324-cvtres.read.1.tlog
C:\Users\Daniel\documents\visual studio 2012\Projects\Mario\Mario\x64\Debug\link.7324-cvtres.write.1.tlog
C:\Users\Daniel\documents\visual studio 2012\Projects\Mario\Mario\x64\Debug\link.7324-rc.read.1.tlog
C:\Users\Daniel\documents\visual studio 2012\Projects\Mario\Mario\x64\Debug\link.7324-rc.write.1.tlog
C:\Users\Daniel\documents\visual studio 2012\Projects\Mario\Mario\x64\Debug\link.7324.read.1.tlog
C:\Users\Daniel\documents\visual studio 2012\Projects\Mario\Mario\x64\Debug\link.7324.write.1.tlog
C:\Users\Daniel\documents\visual studio 2012\Projects\Mario\Mario\x64\Debug\link.8384-cvtres.read.1.tlog
C:\Users\Daniel\documents\visual studio 2012\Projects\Mario\Mario\x64\Debug\link.8384-cvtres.write.1.tlog
C:\Users\Daniel\documents\visual studio 2012\Projects\Mario\Mario\x64\Debug\link.8384-rc.read.1.tlog
C:\Users\Daniel\documents\visual studio 2012\Projects\Mario\Mario\x64\Debug\link.8384-rc.write.1.tlog
C:\Users\Daniel\documents\visual studio 2012\Projects\Mario\Mario\x64\Debug\link.8384.read.1.tlog
C:\Users\Daniel\documents\visual studio 2012\Projects\Mario\Mario\x64\Debug\link.8384.write.1.tlog
C:\Users\Daniel\documents\visual studio 2012\Projects\Mario\Mario\x64\Debug\link.8540-cvtres.read.1.tlog
C:\Users\Daniel\documents\visual studio 2012\Projects\Mario\Mario\x64\Debug\link.8540-cvtres.write.1.tlog
C:\Users\Daniel\documents\visual studio 2012\Projects\Mario\Mario\x64\Debug\link.8540-rc.read.1.tlog
C:\Users\Daniel\documents\visual studio 2012\Projects\Mario\Mario\x64\Debug\link.8540-rc.write.1.tlog
C:\Users\Daniel\documents\visual studio 2012\Projects\Mario\Mario\x64\Debug\link.8540.read.1.tlog
C:\Users\Daniel\documents\visual studio 2012\Projects\Mario\Mario\x64\Debug\link.8540.write.1.tlog
C:\Users\Daniel\documents\visual studio 2012\Projects\Mario\Mario\x64\Debug\link.command.1.tlog
C:\Users\Daniel\documents\visual studio 2012\Projects\Mario\Mario\x64\Debug\link.read.1.tlog
C:\Users\Daniel\documents\visual studio 2012\Projects\Mario\Mario\x64\Debug\link.write.1.tlog
C:\Users\Daniel\documents\visual studio 2012\Projects\Mario\Mario\x64\Debug\vc110.idb
C:\Users\Daniel\documents\visual studio 2012\Projects\Mario\Mario\x64\Debug\vc110.pdb
C:\Users\Daniel\documents\visual studio 2012\Projects\Mario\x64\Debug\Mario.pdb
C:\Users\Daniel\documents\visual studio 2012\Projects\Mario\x64\Debug\Mario.exe
C:\Users\Daniel\documents\visual studio 2012\Projects\Mario\x64\Debug\Mario.ilk
