Построение начато 24.05.2016 2:05:11.
     1>Проект "C:\Users\Daniel\documents\visual studio 2012\Projects\Mario\Mario\Mario.vcxproj" в узле 2 (целевые объекты Build).
     1>ClCompile:
         C:\Program Files (x86)\Microsoft Visual Studio 11.0\VC\bin\x86_amd64\CL.exe /c /Zi /nologo /W3 /WX- /O2 /Oi /GL /D _MBCS /Gm- /EHsc /MD /GS /Gy /fp:precise /Zc:wchar_t /Zc:forScope /Fo"x64\Release\\" /Fd"x64\Release\vc110.pdb" /Gd /TP /errorReport:prompt main.cpp
         main.cpp
     1>main.cpp(435): warning C4244: =: преобразование "double" в "float", возможна потеря данных
     1>main.cpp(440): warning C4244: +=: преобразование "double" в "float", возможна потеря данных
     1>main.cpp(454): warning C4244: инициализация: преобразование "float" в "int", возможна потеря данных
     1>main.cpp(455): warning C4244: инициализация: преобразование "float" в "int", возможна потеря данных
     1>main.cpp(464): warning C4244: =: преобразование "int" в "float", возможна потеря данных
     1>main.cpp(468): warning C4244: =: преобразование "int" в "float", возможна потеря данных
     1>main.cpp(530): warning C4305: =: усечение из "double" к "float"
     1>main.cpp(590): warning C4244: аргумент: преобразование "int" в "float", возможна потеря данных
     1>main.cpp(592): warning C4305: =: усечение из "double" к "float"
     1>main.cpp(604): warning C4244: +=: преобразование "double" в "float", возможна потеря данных
     1>main.cpp(615): warning C4244: инициализация: преобразование "float" в "int", возможна потеря данных
     1>main.cpp(616): warning C4244: инициализация: преобразование "float" в "int", возможна потеря данных
     1>main.cpp(622): warning C4244: =: преобразование "int" в "float", возможна потеря данных
     1>main.cpp(638): warning C4244: аргумент: преобразование "int" в "float", возможна потеря данных
     1>main.cpp(639): warning C4244: аргумент: преобразование "int" в "float", возможна потеря данных
     1>main.cpp(641): warning C4305: =: усечение из "double" к "float"
     1>main.cpp(653): warning C4305: +=: усечение из "double" к "float"
     1>main.cpp(659): warning C4305: +=: усечение из "double" к "float"
     1>main.cpp(672): warning C4305: +=: усечение из "double" к "float"
     1>main.cpp(686): warning C4244: инициализация: преобразование "float" в "int", возможна потеря данных
     1>main.cpp(687): warning C4244: инициализация: преобразование "float" в "int", возможна потеря данных
     1>main.cpp(691): warning C4244: =: преобразование "int" в "float", возможна потеря данных
     1>main.cpp(796): warning C4244: инициализация: преобразование "sf::Int64" в "float", возможна потеря данных
     1>main.cpp(800): warning C4244: =: преобразование "float" в "int", возможна потеря данных
     1>main.cpp(818): warning C4305: аргумент: усечение из "double" к "float"
     1>main.cpp(821): warning C4305: аргумент: усечение из "double" к "float"
     1>main.cpp(827): warning C4305: аргумент: усечение из "double" к "float"
     1>main.cpp(846): warning C4305: аргумент: усечение из "double" к "float"
     1>main.cpp(944): warning C4244: =: преобразование "float" в "int", возможна потеря данных
       Link:
         C:\Program Files (x86)\Microsoft Visual Studio 11.0\VC\bin\x86_amd64\link.exe /ERRORREPORT:PROMPT /OUT:"C:\Users\Daniel\documents\visual studio 2012\Projects\Mario\x64\Release\Mario.exe" /NOLOGO kernel32.lib user32.lib gdi32.lib winspool.lib comdlg32.lib advapi32.lib shell32.lib ole32.lib oleaut32.lib uuid.lib odbc32.lib odbccp32.lib /MANIFEST /MANIFESTUAC:"level='asInvoker' uiAccess='false'" /manifest:embed /DEBUG /PDB:"C:\Users\Daniel\documents\visual studio 2012\Projects\Mario\x64\Release\Mario.pdb" /OPT:REF /OPT:ICF /LTCG /TLBID:1 /DYNAMICBASE /NXCOMPAT /IMPLIB:"C:\Users\Daniel\documents\visual studio 2012\Projects\Mario\x64\Release\Mario.lib" /MACHINE:X64 x64\Release\main.obj
     1>main.obj : error LNK2001: неразрешенный внешний символ ""__declspec(dllimport) public: static class sf::Color const sf::Color::White" (__imp_?White@Color@sf@@2V12@B)"
     1>main.obj : error LNK2001: неразрешенный внешний символ ""__declspec(dllimport) public: virtual __cdecl sf::RenderWindow::~RenderWindow(void)" (__imp_??1RenderWindow@sf@@UEAA@XZ)"
     1>main.obj : error LNK2001: неразрешенный внешний символ ""__declspec(dllimport) public: __cdecl sf::RenderWindow::RenderWindow(class sf::VideoMode,class sf::String const &,unsigned int,struct sf::ContextSettings const &)" (__imp_??0RenderWindow@sf@@QEAA@VVideoMode@1@AEBVString@1@IAEBUContextSettings@1@@Z)"
     1>main.obj : error LNK2001: неразрешенный внешний символ ""__declspec(dllimport) public: virtual __cdecl sf::Sound::~Sound(void)" (__imp_??1Sound@sf@@UEAA@XZ)"
     1>main.obj : error LNK2001: неразрешенный внешний символ ""__declspec(dllimport) public: __cdecl sf::Sound::Sound(class sf::SoundBuffer const &)" (__imp_??0Sound@sf@@QEAA@AEBVSoundBuffer@1@@Z)"
     1>main.obj : error LNK2001: неразрешенный внешний символ ""__declspec(dllimport) public: void __cdecl sf::Transformable::setPosition(float,float)" (__imp_?setPosition@Transformable@sf@@QEAAXMM@Z)"
     1>main.obj : error LNK2001: неразрешенный внешний символ ""__declspec(dllimport) public: void __cdecl sf::Window::display(void)" (__imp_?display@Window@sf@@QEAAXXZ)"
     1>main.obj : error LNK2001: неразрешенный внешний символ ""__declspec(dllimport) public: bool __cdecl sf::Window::pollEvent(class sf::Event &)" (__imp_?pollEvent@Window@sf@@QEAA_NAEAVEvent@2@@Z)"
     1>main.obj : error LNK2001: неразрешенный внешний символ ""__declspec(dllimport) public: bool __cdecl sf::Window::isOpen(void)const " (__imp_?isOpen@Window@sf@@QEBA_NXZ)"
     1>main.obj : error LNK2001: неразрешенный внешний символ ""__declspec(dllimport) public: void __cdecl sf::Window::close(void)" (__imp_?close@Window@sf@@QEAAXXZ)"
     1>main.obj : error LNK2001: неразрешенный внешний символ ""__declspec(dllimport) public: static class sf::RenderStates const sf::RenderStates::Default" (__imp_?Default@RenderStates@sf@@2V12@B)"
     1>main.obj : error LNK2001: неразрешенный внешний символ ""__declspec(dllimport) public: bool __cdecl sf::Texture::loadFromFile(class std::basic_string<char,struct std::char_traits<char>,class std::allocator<char> > const &,class sf::Rect<int> const &)" (__imp_?loadFromFile@Texture@sf@@QEAA_NAEBV?$basic_string@DU?$char_traits@D@std@@V?$allocator@D@2@@std@@AEBV?$Rect@H@2@@Z)"
     1>main.obj : error LNK2001: неразрешенный внешний символ ""__declspec(dllimport) public: __cdecl sf::Texture::~Texture(void)" (__imp_??1Texture@sf@@QEAA@XZ)"
     1>main.obj : error LNK2001: неразрешенный внешний символ ""__declspec(dllimport) public: __cdecl sf::Texture::Texture(void)" (__imp_??0Texture@sf@@QEAA@XZ)"
     1>main.obj : error LNK2001: неразрешенный внешний символ ""__declspec(dllimport) public: unsigned int & __cdecl sf::String::operator[](unsigned __int64)" (__imp_??AString@sf@@QEAAAEAI_K@Z)"
     1>main.obj : error LNK2001: неразрешенный внешний символ ""__declspec(dllimport) public: __cdecl sf::String::String(char const *,class std::locale const &)" (__imp_??0String@sf@@QEAA@PEBDAEBVlocale@std@@@Z)"
     1>main.obj : error LNK2001: неразрешенный внешний символ ""__declspec(dllimport) public: __cdecl sf::String::String(class std::basic_string<char,struct std::char_traits<char>,class std::allocator<char> > const &,class std::locale const &)" (__imp_??0String@sf@@QEAA@AEBV?$basic_string@DU?$char_traits@D@std@@V?$allocator@D@2@@std@@AEBVlocale@3@@Z)"
     1>main.obj : error LNK2001: неразрешенный внешний символ ""__declspec(dllimport) public: __cdecl sf::String::String(wchar_t const *)" (__imp_??0String@sf@@QEAA@PEB_W@Z)"
     1>main.obj : error LNK2001: неразрешенный внешний символ ""__declspec(dllimport) public: static bool __cdecl sf::Keyboard::isKeyPressed(enum sf::Keyboard::Key)" (__imp_?isKeyPressed@Keyboard@sf@@SA_NW4Key@12@@Z)"
     1>main.obj : error LNK2001: неразрешенный внешний символ ""__declspec(dllimport) public: bool __cdecl sf::Font::loadFromFile(class std::basic_string<char,struct std::char_traits<char>,class std::allocator<char> > const &)" (__imp_?loadFromFile@Font@sf@@QEAA_NAEBV?$basic_string@DU?$char_traits@D@std@@V?$allocator@D@2@@std@@@Z)"
     1>main.obj : error LNK2001: неразрешенный внешний символ ""__declspec(dllimport) public: __cdecl sf::Font::~Font(void)" (__imp_??1Font@sf@@QEAA@XZ)"
     1>main.obj : error LNK2001: неразрешенный внешний символ ""__declspec(dllimport) public: __cdecl sf::Font::Font(void)" (__imp_??0Font@sf@@QEAA@XZ)"
     1>main.obj : error LNK2001: неразрешенный внешний символ ""__declspec(dllimport) public: __int64 __cdecl sf::Time::asMicroseconds(void)const " (__imp_?asMicroseconds@Time@sf@@QEBA_JXZ)"
     1>main.obj : error LNK2001: неразрешенный внешний символ ""__declspec(dllimport) public: float __cdecl sf::Time::asSeconds(void)const " (__imp_?asSeconds@Time@sf@@QEBAMXZ)"
     1>main.obj : error LNK2001: неразрешенный внешний символ ""__declspec(dllimport) public: class sf::Time __cdecl sf::Clock::restart(void)" (__imp_?restart@Clock@sf@@QEAA?AVTime@2@XZ)"
     1>main.obj : error LNK2001: неразрешенный внешний символ ""__declspec(dllimport) public: class sf::Time __cdecl sf::Clock::getElapsedTime(void)const " (__imp_?getElapsedTime@Clock@sf@@QEBA?AVTime@2@XZ)"
     1>main.obj : error LNK2001: неразрешенный внешний символ ""__declspec(dllimport) public: __cdecl sf::Clock::Clock(void)" (__imp_??0Clock@sf@@QEAA@XZ)"
     1>main.obj : error LNK2001: неразрешенный внешний символ ""__declspec(dllimport) public: void __cdecl sf::Sprite::setColor(class sf::Color const &)" (__imp_?setColor@Sprite@sf@@QEAAXAEBVColor@2@@Z)"
     1>main.obj : error LNK2001: неразрешенный внешний символ ""__declspec(dllimport) public: void __cdecl sf::Sprite::setTextureRect(class sf::Rect<int> const &)" (__imp_?setTextureRect@Sprite@sf@@QEAAXAEBV?$Rect@H@2@@Z)"
     1>main.obj : error LNK2001: неразрешенный внешний символ ""__declspec(dllimport) public: void __cdecl sf::Sprite::setTexture(class sf::Texture const &,bool)" (__imp_?setTexture@Sprite@sf@@QEAAXAEBVTexture@2@_N@Z)"
     1>main.obj : error LNK2001: неразрешенный внешний символ ""__declspec(dllimport) public: __cdecl sf::Sprite::Sprite(void)" (__imp_??0Sprite@sf@@QEAA@XZ)"
     1>main.obj : error LNK2001: неразрешенный внешний символ ""__declspec(dllimport) public: __cdecl sf::Sprite::Sprite(class sf::Texture const &)" (__imp_??0Sprite@sf@@QEAA@AEBVTexture@1@@Z)"
     1>main.obj : error LNK2001: неразрешенный внешний символ ""__declspec(dllimport) public: bool __cdecl sf::SoundBuffer::loadFromFile(class std::basic_string<char,struct std::char_traits<char>,class std::allocator<char> > const &)" (__imp_?loadFromFile@SoundBuffer@sf@@QEAA_NAEBV?$basic_string@DU?$char_traits@D@std@@V?$allocator@D@2@@std@@@Z)"
     1>main.obj : error LNK2001: неразрешенный внешний символ ""__declspec(dllimport) public: __cdecl sf::SoundBuffer::~SoundBuffer(void)" (__imp_??1SoundBuffer@sf@@QEAA@XZ)"
     1>main.obj : error LNK2001: неразрешенный внешний символ ""__declspec(dllimport) public: __cdecl sf::SoundBuffer::SoundBuffer(void)" (__imp_??0SoundBuffer@sf@@QEAA@XZ)"
     1>main.obj : error LNK2001: неразрешенный внешний символ ""__declspec(dllimport) public: bool __cdecl sf::Music::openFromFile(class std::basic_string<char,struct std::char_traits<char>,class std::allocator<char> > const &)" (__imp_?openFromFile@Music@sf@@QEAA_NAEBV?$basic_string@DU?$char_traits@D@std@@V?$allocator@D@2@@std@@@Z)"
     1>main.obj : error LNK2001: неразрешенный внешний символ ""__declspec(dllimport) public: virtual __cdecl sf::Music::~Music(void)" (__imp_??1Music@sf@@UEAA@XZ)"
     1>main.obj : error LNK2001: неразрешенный внешний символ ""__declspec(dllimport) public: __cdecl sf::Music::Music(void)" (__imp_??0Music@sf@@QEAA@XZ)"
     1>main.obj : error LNK2001: неразрешенный внешний символ ""__declspec(dllimport) class sf::String __cdecl sf::operator+(class sf::String const &,class sf::String const &)" (__imp_??Hsf@@YA?AVString@0@AEBV10@0@Z)"
     1>main.obj : error LNK2001: неразрешенный внешний символ ""__declspec(dllimport) public: void __cdecl sf::Text::setColor(class sf::Color const &)" (__imp_?setColor@Text@sf@@QEAAXAEBVColor@2@@Z)"
     1>main.obj : error LNK2001: неразрешенный внешний символ ""__declspec(dllimport) public: void __cdecl sf::Text::setStyle(unsigned int)" (__imp_?setStyle@Text@sf@@QEAAXI@Z)"
     1>main.obj : error LNK2001: неразрешенный внешний символ ""__declspec(dllimport) public: void __cdecl sf::Text::setString(class sf::String const &)" (__imp_?setString@Text@sf@@QEAAXAEBVString@2@@Z)"
     1>main.obj : error LNK2001: неразрешенный внешний символ ""__declspec(dllimport) public: __cdecl sf::Text::Text(class sf::String const &,class sf::Font const &,unsigned int)" (__imp_??0Text@sf@@QEAA@AEBVString@1@AEBVFont@1@I@Z)"
     1>main.obj : error LNK2001: неразрешенный внешний символ ""__declspec(dllimport) public: __cdecl sf::VideoMode::VideoMode(unsigned int,unsigned int,unsigned int)" (__imp_??0VideoMode@sf@@QEAA@III@Z)"
     1>main.obj : error LNK2001: неразрешенный внешний символ ""__declspec(dllimport) public: static class sf::Color const sf::Color::Red" (__imp_?Red@Color@sf@@2V12@B)"
     1>main.obj : error LNK2001: неразрешенный внешний символ ""__declspec(dllimport) public: void __cdecl sf::RenderTarget::draw(class sf::Drawable const &,class sf::RenderStates const &)" (__imp_?draw@RenderTarget@sf@@QEAAXAEBVDrawable@2@AEBVRenderStates@2@@Z)"
     1>main.obj : error LNK2001: неразрешенный внешний символ ""__declspec(dllimport) public: void __cdecl sf::RenderTarget::clear(class sf::Color const &)" (__imp_?clear@RenderTarget@sf@@QEAAXAEBVColor@2@@Z)"
     1>main.obj : error LNK2001: неразрешенный внешний символ ""__declspec(dllimport) public: __cdecl sf::Color::Color(unsigned char,unsigned char,unsigned char,unsigned char)" (__imp_??0Color@sf@@QEAA@EEEE@Z)"
     1>main.obj : error LNK2001: неразрешенный внешний символ ""__declspec(dllimport) public: static class sf::Vector2<int> __cdecl sf::Mouse::getPosition(class sf::Window const &)" (__imp_?getPosition@Mouse@sf@@SA?AV?$Vector2@H@2@AEBVWindow@2@@Z)"
     1>main.obj : error LNK2001: неразрешенный внешний символ ""__declspec(dllimport) public: static bool __cdecl sf::Mouse::isButtonPressed(enum sf::Mouse::Button)" (__imp_?isButtonPressed@Mouse@sf@@SA_NW4Button@12@@Z)"
     1>main.obj : error LNK2001: неразрешенный внешний символ ""__declspec(dllimport) public: virtual __cdecl sf::Sprite::~Sprite(void)" (__imp_??1Sprite@sf@@UEAA@XZ)"
     1>main.obj : error LNK2001: неразрешенный внешний символ ""__declspec(dllimport) public: __cdecl sf::Sprite::Sprite(class sf::Sprite const &)" (__imp_??0Sprite@sf@@QEAA@AEBV01@@Z)"
     1>main.obj : error LNK2001: неразрешенный внешний символ ""__declspec(dllimport) public: __cdecl sf::Text::Text(class sf::Text const &)" (__imp_??0Text@sf@@QEAA@AEBV01@@Z)"
     1>main.obj : error LNK2001: неразрешенный внешний символ ""__declspec(dllimport) public: virtual __cdecl sf::Text::~Text(void)" (__imp_??1Text@sf@@UEAA@XZ)"
     1>main.obj : error LNK2001: неразрешенный внешний символ ""__declspec(dllimport) public: __cdecl sf::String::~String(void)" (__imp_??1String@sf@@QEAA@XZ)"
     1>C:\Users\Daniel\documents\visual studio 2012\Projects\Mario\x64\Release\Mario.exe : fatal error LNK1120: неразрешенных внешних элементов: 55
     1>Построение проекта "C:\Users\Daniel\documents\visual studio 2012\Projects\Mario\Mario\Mario.vcxproj" завершено (целевые объекты Build) с ошибкой.

Сбой построения.

Затраченное время: 00:00:01.97
